Info: CustomCategory:design_thinking: 62 mini seconds publishing element
Info: DeliveryProcess:ciclo-de-vida: 671 mini seconds publishing element
Info: DeliveryProcess:ciclo-de-vida: 520 mini seconds publishing process specific layout data
Info: Phase:imersao: 280 mini seconds publishing element
Info: Phase:imersao profuda: 237 mini seconds publishing element
Info: Phase:ideacao: 216 mini seconds publishing element
Info: Phase:analise: 215 mini seconds publishing element
Info: Phase:prototipacao: 270 mini seconds publishing element
Info: Phase:validacao: 200 mini seconds publishing element
Info: TaskDescriptor:pesquisa_desk: 62 mini seconds publishing element
Info: TaskDescriptor:pesquisa_exploratria: 54 mini seconds publishing element
Info: TaskDescriptor:reenquadramento: 15 mini seconds publishing element
Info: TaskDescriptor:9_por_ques: 16 mini seconds publishing element
Info: TaskDescriptor:cadernos_de_sensibilizacao: 16 mini seconds publishing element
Info: TaskDescriptor:entrevistas: 15 mini seconds publishing element
Info: TaskDescriptor:sombra: 22 mini seconds publishing element
Info: TaskDescriptor:brainstorming: 47 mini seconds publishing element
Info: TaskDescriptor:matriz_de_alinhamento: 16 mini seconds publishing element
Info: TaskDescriptor:mural_de_possibilidades: 53 mini seconds publishing element
Info: TaskDescriptor:selecao_de_ideias: 16 mini seconds publishing element
Info: TaskDescriptor:workshop_de_cocriacao: 16 mini seconds publishing element
Info: TaskDescriptor:definicao_de_persona: 0 mini seconds publishing element
Info: TaskDescriptor:mapa_conceitual: 15 mini seconds publishing element
Info: TaskDescriptor:mapa_de_empatia: 16 mini seconds publishing element
Info: TaskDescriptor:mapa_mental: 15 mini seconds publishing element
Info: TaskDescriptor:mockups_e_maquetes: 7 mini seconds publishing element
Info: TaskDescriptor:prototipo_em_papel: 16 mini seconds publishing element
Info: TaskDescriptor:storyboard: 15 mini seconds publishing element
Info: TaskDescriptor:canvas: 47 mini seconds publishing element
Info: TaskDescriptor:mvp: 38 mini seconds publishing element
Info: TaskDescriptor:prototipo: 47 mini seconds publishing element
Info: Task:pesquisa_desk: 38 mini seconds publishing element
Info: Task:pesquisa_exploratria: 15 mini seconds publishing element
Info: Task:reenquadramento: 31 mini seconds publishing element
Info: Task:9_por_ques: 16 mini seconds publishing element
Info: Task:cadernos_de_sensibilizacao: 16 mini seconds publishing element
Info: Task:entrevistas: 0 mini seconds publishing element
Info: Task:sombra: 22 mini seconds publishing element
Info: Task:brainstorming: 15 mini seconds publishing element
Info: Task:matriz_de_alinhamento: 32 mini seconds publishing element
Info: Task:mural_de_possibilidades: 0 mini seconds publishing element
Info: Task:selecao_de_ideias: 21 mini seconds publishing element
Info: Task:workshop_de_cocriacao: 11 mini seconds publishing element
Info: Task:definicao_de_persona: 26 mini seconds publishing element
Info: Task:mapa_conceitual: 6 mini seconds publishing element
Info: Task:mapa_de_empatia: 16 mini seconds publishing element
Info: Task:mapa_mental: 14 mini seconds publishing element
Info: Task:mockups_e_maquetes: 8 mini seconds publishing element
Info: Task:prototipo_em_papel: 10 mini seconds publishing element
Info: Task:storyboard: 0 mini seconds publishing element
Info: Task:canvas: 19 mini seconds publishing element
Info: Task:mvp: 7 mini seconds publishing element
Info: Task:prototipo: 11 mini seconds publishing element
Info: : Publishing time: 0 minutes 8 seconds
